0	13:45:04.698	Compiling 'MACD Sample'
0	13:45:04.699	Compiling 'Moving Average'
0	13:45:05.534	Compiling 'Accelerator'
0	13:45:05.534	Compiling 'Accumulation'
0	13:45:05.534	Compiling 'Alligator'
0	13:45:05.534	Compiling 'ATR'
0	13:45:05.534	Compiling 'Awesome'
0	13:45:05.534	Compiling 'Bands'
0	13:45:05.534	Compiling 'Bears'
0	13:45:05.534	Compiling 'Bulls'
0	13:45:05.534	Compiling 'CCI'
0	13:45:05.534	Compiling 'Custom Moving Averages'
0	13:45:05.534	Compiling 'Heiken Ashi'
0	13:45:05.534	Compiling 'Ichimoku'
0	13:45:05.534	Compiling 'iExposure'
0	13:45:05.534	Compiling 'MACD'
0	13:45:05.534	Compiling 'Momentum'
0	13:45:05.534	Compiling 'OsMA'
0	13:45:05.534	Compiling 'Parabolic'
0	13:45:05.534	Compiling 'RSI'
0	13:45:05.534	Compiling 'Stochastic'
0	13:45:05.534	Compiling 'ZigZag'
0	13:45:05.534	Compiling 'SimplePanel'
0	13:45:09.485	Compiling 'PeriodConverter'
0	13:45:09.485	Compiling 'DLLSampleTester'
0	13:45:09.485	Compiling 'PipeClient'
0	13:45:09.485	Compiling 'PipeClientPure'
0	13:45:10.391	Compiling 'stdlib'
